[2025-05-22 19:14:54.301 -05:00  INF]  Now listening on: http://localhost:5280
[2025-05-22 19:14:54.318 -05:00  INF]  Application started. Press Ctrl+C to shut down.
[2025-05-22 19:14:54.318 -05:00  INF]  Hosting environment: Development
[2025-05-22 19:14:54.318 -05:00  INF]  Content root path: C:\Development\Full Stack\Smash Tourney Project\V6\tourneyAPI
[2025-05-22 19:15:55.293 -05:00  INF]  Now listening on: http://localhost:5280
[2025-05-22 19:15:55.308 -05:00  INF]  Application started. Press Ctrl+C to shut down.
[2025-05-22 19:15:55.309 -05:00  INF]  Hosting environment: Development
[2025-05-22 19:15:55.310 -05:00  INF]  Content root path: C:\Development\Full Stack\Smash Tourney Project\V6\tourneyAPI
[2025-05-22 19:17:03.532 -05:00  INF]  Now listening on: http://localhost:5280
[2025-05-22 19:17:03.548 -05:00  INF]  Application started. Press Ctrl+C to shut down.
[2025-05-22 19:17:03.548 -05:00  INF]  Hosting environment: Development
[2025-05-22 19:17:03.548 -05:00  INF]  Content root path: C:\Development\Full Stack\Smash Tourney Project\V6\tourneyAPI
[2025-05-22 19:17:57.006 -05:00  INF]  Now listening on: http://localhost:5280
[2025-05-22 19:17:57.023 -05:00  INF]  Application started. Press Ctrl+C to shut down.
[2025-05-22 19:17:57.023 -05:00  INF]  Hosting environment: Development
[2025-05-22 19:17:57.023 -05:00  INF]  Content root path: C:\Development\Full Stack\Smash Tourney Project\V6\tourneyAPI
[2025-05-22 19:17:59.192 -05:00  INF]  Request starting HTTP/1.1 GET http://localhost:5280/ - null null
[2025-05-22 19:17:59.248 -05:00  INF]  Executing endpoint 'HTTP: GET /'
[2025-05-22 19:17:59.253 -05:00  INF]  Executed endpoint 'HTTP: GET /'
[2025-05-22 19:17:59.253 -05:00  INF]  Request finished HTTP/1.1 GET http://localhost:5280/ - 200 null text/plain; charset=utf-8 64.5785ms
[2025-05-22 19:18:00.987 -05:00  INF]  Request starting HTTP/1.1 GET http://localhost:5280/ - null null
[2025-05-22 19:18:00.987 -05:00  INF]  Executing endpoint 'HTTP: GET /'
[2025-05-22 19:18:00.987 -05:00  INF]  Executed endpoint 'HTTP: GET /'
[2025-05-22 19:18:00.987 -05:00  INF]  Request finished HTTP/1.1 GET http://localhost:5280/ - 200 null text/plain; charset=utf-8 1.1224ms
[2025-05-22 19:18:10.026 -05:00  INF]  Request starting HTTP/1.1 GET http://localhost:5280/ - null null
[2025-05-22 19:18:10.027 -05:00  INF]  Executing endpoint 'HTTP: GET /'
[2025-05-22 19:18:10.027 -05:00  INF]  Executed endpoint 'HTTP: GET /'
[2025-05-22 19:18:10.027 -05:00  INF]  Request finished HTTP/1.1 GET http://localhost:5280/ - 200 null text/plain; charset=utf-8 0.1971ms
[2025-05-22 19:18:10.051 -05:00  INF]  Request starting HTTP/1.1 GET http://localhost:5280/favicon.ico - null null
[2025-05-22 19:18:10.052 -05:00  INF]  Request finished HTTP/1.1 GET http://localhost:5280/favicon.ico - 404 0 null 1.1729ms
[2025-05-22 19:18:10.053 -05:00  INF]  Request reached the end of the middleware pipeline without being handled by application code. Request path: GET http://localhost:5280/favicon.ico, Response status code: 404
[2025-05-22 19:18:17.915 -05:00  INF]  Request starting HTTP/1.1 GET http://localhost:5280/ - null null
[2025-05-22 19:18:17.915 -05:00  INF]  Executing endpoint 'HTTP: GET /'
[2025-05-22 19:18:17.916 -05:00  INF]  Executed endpoint 'HTTP: GET /'
[2025-05-22 19:18:17.916 -05:00  INF]  Request finished HTTP/1.1 GET http://localhost:5280/ - 200 null text/plain; charset=utf-8 0.6775ms
[2025-05-22 19:40:34.538 -05:00  INF]  Receieved request at "2025-05-23T00:40:34.5332064Z"
[2025-05-22 19:40:34.626 -05:00  INF]  Now listening on: http://localhost:5280
[2025-05-22 19:40:34.626 -05:00  INF]  Application started. Press Ctrl+C to shut down.
[2025-05-22 19:40:34.626 -05:00  INF]  Hosting environment: Development
[2025-05-22 19:40:34.626 -05:00  INF]  Content root path: C:\Development\Full Stack\Smash Tourney Project\V6\tourneyAPI
[2025-05-22 19:40:45.201 -05:00  INF]  Request starting HTTP/1.1 GET http://localhost:5280/ - null null
[2025-05-22 19:40:45.216 -05:00  INF]  Executing endpoint 'HTTP: GET /'
[2025-05-22 19:40:45.261 -05:00  INF]  Executed endpoint 'HTTP: GET /'
[2025-05-22 19:40:45.263 -05:00  INF]  Request finished HTTP/1.1 GET http://localhost:5280/ - 200 null application/json; charset=utf-8 62.6117ms
[2025-05-22 19:40:45.286 -05:00  INF]  Request starting HTTP/1.1 GET http://localhost:5280/favicon.ico - null null
[2025-05-22 19:40:45.287 -05:00  INF]  Request finished HTTP/1.1 GET http://localhost:5280/favicon.ico - 404 0 null 0.8889ms
[2025-05-22 19:40:45.288 -05:00  INF]  Request reached the end of the middleware pipeline without being handled by application code. Request path: GET http://localhost:5280/favicon.ico, Response status code: 404
[2025-05-22 19:41:09.545 -05:00  INF]  Request starting HTTP/1.1 GET http://localhost:5280/ - null null
[2025-05-22 19:41:09.545 -05:00  INF]  Executing endpoint 'HTTP: GET /'
[2025-05-22 19:41:09.545 -05:00  INF]  Executed endpoint 'HTTP: GET /'
[2025-05-22 19:41:09.546 -05:00  INF]  Request finished HTTP/1.1 GET http://localhost:5280/ - 200 null application/json; charset=utf-8 0.9718ms
[2025-05-22 19:41:09.562 -05:00  INF]  Request starting HTTP/1.1 GET http://localhost:5280/favicon.ico - null null
[2025-05-22 19:41:09.563 -05:00  INF]  Request finished HTTP/1.1 GET http://localhost:5280/favicon.ico - 404 0 null 0.8168ms
[2025-05-22 19:41:09.563 -05:00  INF]  Request reached the end of the middleware pipeline without being handled by application code. Request path: GET http://localhost:5280/favicon.ico, Response status code: 404
[2025-05-22 19:41:10.109 -05:00  INF]  Request starting HTTP/1.1 GET http://localhost:5280/ - null null
[2025-05-22 19:41:10.109 -05:00  INF]  Executing endpoint 'HTTP: GET /'
[2025-05-22 19:41:10.109 -05:00  INF]  Executed endpoint 'HTTP: GET /'
[2025-05-22 19:41:10.109 -05:00  INF]  Request finished HTTP/1.1 GET http://localhost:5280/ - 200 null application/json; charset=utf-8 0.2504ms
[2025-05-22 19:43:12.865 -05:00  INF]  Receieved request at "2025-05-23T00:43:12.8476034Z"
[2025-05-22 19:43:24.258 -05:00  INF]  Receieved request at "2025-05-23T00:43:24.2456620Z"
[2025-05-22 19:46:12.469 -05:00  INF]  Receieved request at "2025-05-23T00:46:12.4526072Z"
